2021-11-04 23:14:10.621  INFO 1972 --- [main] c.e.s.SchoolgradingApplication           : Starting SchoolgradingApplication using Java 1.8.0_291 on Advaiths-Air.home with PID 1972 (/Users/advaith/github/SprintBootPractise/schoolgrading/target/classes started by advaith in /Users/advaith/github/SprintBootPractise/schoolgrading)
2021-11-04 23:14:10.625  INFO 1972 --- [main] c.e.s.SchoolgradingApplication           : No active profile set, falling back to default profiles: default
2021-11-04 23:14:11.823  INFO 1972 --- [main] o.s.b.w.embedded.tomcat.TomcatWebServer  : Tomcat initialized with port(s): 8080 (http)
2021-11-04 23:14:11.836  INFO 1972 --- [main] o.apache.catalina.core.StandardService   : Starting service [Tomcat]
2021-11-04 23:14:11.837  INFO 1972 --- [main] org.apache.catalina.core.StandardEngine  : Starting Servlet engine: [Apache Tomcat/9.0.53]
2021-11-04 23:14:11.922  INFO 1972 --- [main] o.a.c.c.C.[Tomcat].[localhost].[/]       : Initializing Spring embedded WebApplicationContext
2021-11-04 23:14:11.922  INFO 1972 --- [main] w.s.c.ServletWebServerApplicationContext : Root WebApplicationContext: initialization completed in 1237 ms
2021-11-04 23:14:12.388  INFO 1972 --- [main] o.s.b.w.embedded.tomcat.TomcatWebServer  : Tomcat started on port(s): 8080 (http) with context path ''
2021-11-04 23:14:12.400  INFO 1972 --- [main] c.e.s.SchoolgradingApplication           : Started SchoolgradingApplication in 2.589 seconds (JVM running for 4.042)
2021-11-04 23:14:36.517  INFO 1972 --- [http-nio-8080-exec-1] o.a.c.c.C.[Tomcat].[localhost].[/]       : Initializing Spring DispatcherServlet 'dispatcherServlet'
2021-11-04 23:14:36.518  INFO 1972 --- [http-nio-8080-exec-1] o.s.web.servlet.DispatcherServlet        : Initializing Servlet 'dispatcherServlet'
2021-11-04 23:14:36.519  INFO 1972 --- [http-nio-8080-exec-1] o.s.web.servlet.DispatcherServlet        : Completed initialization in 1 ms
2021-11-04 23:15:17.659  INFO 1972 --- [http-nio-8080-exec-4] c.e.s.c.SchoolGradingController          : Logging: Welcome to School Grading Application Controller
2021-11-04 23:15:44.168  INFO 1972 --- [http-nio-8080-exec-6] c.e.s.c.SchoolGradingController          : Logging: Welcome to School Grading Application Controller
2021-11-04 23:22:07.828  INFO 2070 --- [main] c.e.s.SchoolgradingApplication           : Starting SchoolgradingApplication using Java 1.8.0_291 on Advaiths-Air.home with PID 2070 (/Users/advaith/github/SprintBootPractise/schoolgrading/target/classes started by advaith in /Users/advaith/github/SprintBootPractise/schoolgrading)
2021-11-04 23:22:07.833  INFO 2070 --- [main] c.e.s.SchoolgradingApplication           : No active profile set, falling back to default profiles: default
2021-11-04 23:22:09.090  INFO 2070 --- [main] o.s.b.w.embedded.tomcat.TomcatWebServer  : Tomcat initialized with port(s): 8080 (http)
2021-11-04 23:22:09.099  INFO 2070 --- [main] o.apache.catalina.core.StandardService   : Starting service [Tomcat]
2021-11-04 23:22:09.099  INFO 2070 --- [main] org.apache.catalina.core.StandardEngine  : Starting Servlet engine: [Apache Tomcat/9.0.53]
2021-11-04 23:22:09.164  INFO 2070 --- [main] o.a.c.c.C.[Tomcat].[localhost].[/]       : Initializing Spring embedded WebApplicationContext
2021-11-04 23:22:09.164  INFO 2070 --- [main] w.s.c.ServletWebServerApplicationContext : Root WebApplicationContext: initialization completed in 1250 ms
2021-11-04 23:22:09.506  INFO 2070 --- [main] o.s.b.w.embedded.tomcat.TomcatWebServer  : Tomcat started on port(s): 8080 (http) with context path ''
2021-11-04 23:22:09.518  INFO 2070 --- [main] c.e.s.SchoolgradingApplication           : Started SchoolgradingApplication in 2.455 seconds (JVM running for 4.171)
